<?xml version="1.0" encoding="UTF-8"?>
<!-- Generated by org.testng.reporters.JUnitReportReporter -->
<testsuite hostname="AKKI" failures="0" tests="4" name="TestCases.KeywordsInFramework_Timeout" time="6.280" errors="1" timestamp="2022-06-18T20:22:39 IST" skipped="3">
  <testcase classname="TestCases.KeywordsInFramework_Timeout" name="loginToAppTest" time="6.280">
    <error message="Method TestCases.KeywordsInFramework_Timeout.loginToAppTest() didn&#039;t finish within the time-out 2" type="org.testng.internal.thread.ThreadTimeoutException">
      <![CDATA[org.testng.internal.thread.ThreadTimeoutException: Method TestCases.KeywordsInFramework_Timeout.loginToAppTest() didn't finish within the time-out 2
at java.base@17.0.2/java.net.URLEncoder.encode(URLEncoder.java:225)
at java.base@17.0.2/java.net.URLEncoder.encode(URLEncoder.java:196)
at app//org.openqa.selenium.net.Urls.urlEncode(Urls.java:47)
at app//org.openqa.selenium.remote.codec.AbstractHttpCommandCodec.getParameter(AbstractHttpCommandCodec.java:384)
at app//org.openqa.selenium.remote.codec.AbstractHttpCommandCodec.buildUri(AbstractHttpCommandCodec.java:363)
at app//org.openqa.selenium.remote.codec.AbstractHttpCommandCodec.encode(AbstractHttpCommandCodec.java:253)
at app//org.openqa.selenium.remote.codec.AbstractHttpCommandCodec.encode(AbstractHttpCommandCodec.java:127)
at app//org.openqa.selenium.remote.HttpCommandExecutor.execute(HttpCommandExecutor.java:172)
at app//org.openqa.selenium.remote.service.DriverCommandExecutor.invokeExecute(DriverCommandExecutor.java:164)
at app//org.openqa.selenium.remote.service.DriverCommandExecutor.execute(DriverCommandExecutor.java:139)
at app//org.openqa.selenium.remote.RemoteWebDriver.execute(RemoteWebDriver.java:559)
at app//org.openqa.selenium.remote.RemoteWebElement.execute(RemoteWebElement.java:251)
at app//org.openqa.selenium.remote.RemoteWebElement.sendKeys(RemoteWebElement.java:107)
at java.base@17.0.2/jdk.internal.reflect.NativeMethodAccessorImpl.invoke0(Native Method)
at java.base@17.0.2/jdk.internal.reflect.NativeMethodAccessorImpl.invoke(NativeMethodAccessorImpl.java:77)
at java.base@17.0.2/jdk.internal.reflect.DelegatingMethodAccessorImpl.invoke(DelegatingMethodAccessorImpl.java:43)
at java.base@17.0.2/java.lang.reflect.Method.invoke(Method.java:568)
at app//org.openqa.selenium.support.pagefactory.internal.LocatingElementHandler.invoke(LocatingElementHandler.java:52)
at app/jdk.proxy2/jdk.proxy2.$Proxy16.sendKeys(Unknown Source)
at app//Pages.LoginPage.loginToApp(LoginPage.java:44)
at app//TestCases.KeywordsInFramework_Timeout.loginToAppTest(KeywordsInFramework_Timeout.java:47)
at java.base@17.0.2/jdk.internal.reflect.NativeMethodAccessorImpl.invoke0(Native Method)
at java.base@17.0.2/jdk.internal.reflect.NativeMethodAccessorImpl.invoke(NativeMethodAccessorImpl.java:77)
at java.base@17.0.2/jdk.internal.reflect.DelegatingMethodAccessorImpl.invoke(DelegatingMethodAccessorImpl.java:43)
at java.base@17.0.2/java.lang.reflect.Method.invoke(Method.java:568)
at app//org.testng.internal.invokers.MethodInvocationHelper.invokeMethod(MethodInvocationHelper.java:135)
at app//org.testng.internal.invokers.InvokeMethodRunnable.runOne(InvokeMethodRunnable.java:44)
at app//org.testng.internal.invokers.InvokeMethodRunnable.call(InvokeMethodRunnable.java:72)
at app//org.testng.internal.invokers.InvokeMethodRunnable.call(InvokeMethodRunnable.java:10)
at java.base@17.0.2/java.util.concurrent.FutureTask.run(FutureTask.java:264)
at java.base@17.0.2/java.util.concurrent.ThreadPoolExecutor.runWorker(ThreadPoolExecutor.java:1136)
at java.base@17.0.2/java.util.concurrent.ThreadPoolExecutor$Worker.run(ThreadPoolExecutor.java:635)
at java.base@17.0.2/java.lang.Thread.run(Thread.java:833)
]]>
    </error>
  </testcase> <!-- loginToAppTest -->
  <system-out/>
  <testcase classname="TestCases.KeywordsInFramework_Timeout" name="verifyzerodhaLogoTest">
    <skipped/>
  </testcase> <!-- verifyzerodhaLogoTest -->
  <system-out/>
  <testcase classname="TestCases.KeywordsInFramework_Timeout" name="verifyTitleTest">
    <skipped/>
  </testcase> <!-- verifyTitleTest -->
  <system-out/>
  <testcase classname="TestCases.KeywordsInFramework_Timeout" name="verifykiteLogoTest">
    <skipped/>
  </testcase> <!-- verifykiteLogoTest -->
  <system-out/>
</testsuite> <!-- TestCases.KeywordsInFramework_Timeout -->
